<?xml version="1.0" encoding="UTF-8"?>
<!-- Generated by org.testng.reporters.JUnitXMLReporter -->
<testsuite hostname="ATMECSINLT-087" ignored="0" name="Default test" tests="4" failures="0" timestamp="23 Oct 2019 13:51:40 GMT" time="79.467" errors="0">
  <testcase name="runTestFile" time="28.14" classname="com.konakart.KonakartParallelTesting.testscripts.DynamicXML"/>
  <testcase name="runTestFile" time="0.012" classname="com.konakart.KonakartParallelTesting.testscripts.DynamicXML"/>
  <testcase name="runTestFile" time="0.009" classname="com.konakart.KonakartParallelTesting.testscripts.DynamicXML"/>
  <testcase name="runTestFile" time="49.971" classname="com.konakart.KonakartParallelTesting.testscripts.DynamicXML"/>
</testsuite> <!-- Default test -->
