<?xml version="1.0" encoding="UTF-8"?>
<!-- Generated by org.testng.reporters.JUnitXMLReporter -->
<testsuite hostname="ATMECSINLT-087" ignored="0" name="Test validate in chrome" tests="13" failures="8" timestamp="22 Oct 2019 15:44:20 GMT" time="206.8" errors="0">
  <testcase name="searchBox" time="10.35" classname="com.konakart.KonakartParallelTesting.testscripts.HomePageSearchBoxFunctionality"/>
  <testcase name="heroImageSelect" time="7.327" classname="com.konakart.KonakartParallelTesting.testscripts.HeroImageFunctionality"/>
  <testcase name="heroImgContent" time="0.532" classname="com.konakart.KonakartParallelTesting.testscripts.HeroImageFunctionality">
    <failure type="java.lang.NullPointerException">
      <![CDATA[java.lang.NullPointerException
at com.konakart.KonakartParallelTesting.extentreports.ExtentReport.messagePrint(ExtentReport.java:110)
at com.konakart.KonakartParallelTesting.pages.HeroImageFunction.pageDescriptionvalidation(HeroImageFunction.java:82)
at com.konakart.KonakartParallelTesting.pages.HeroImageFunction.heroImgContentValidation(HeroImageFunction.java:46)
at com.konakart.KonakartParallelTesting.testscripts.HeroImageFunctionality.heroImgContent(HeroImageFunctionality.java:34)
at java.util.concurrent.FutureTask.run(FutureTask.java:266)
at java.util.concurrent.ThreadPoolExecutor.runWorker(ThreadPoolExecutor.java:1149)
at java.util.concurrent.ThreadPoolExecutor$Worker.run(ThreadPoolExecutor.java:624)
at java.lang.Thread.run(Thread.java:748)
... Removed 16 stack frames]]>
    </failure>
  </testcase> <!-- heroImgContent -->
  <testcase name="heroImgContent" time="0.058" classname="com.konakart.KonakartParallelTesting.testscripts.HeroImageFunctionality"/>
  <testcase name="heroImgSortingDateFunctionality" time="6.231" classname="com.konakart.KonakartParallelTesting.testscripts.HeroImageFunctionality">
    <failure type="java.lang.ArrayIndexOutOfBoundsException" message="1">
      <![CDATA[java.lang.ArrayIndexOutOfBoundsException: 1
at com.konakart.KonakartParallelTesting.pages.HeroImageFunction.sortingDateValidation(HeroImageFunction.java:107)
at com.konakart.KonakartParallelTesting.testscripts.HeroImageFunctionality.heroImgSortingDateFunctionality(HeroImageFunctionality.java:43)
at java.util.concurrent.FutureTask.run(FutureTask.java:266)
at java.util.concurrent.ThreadPoolExecutor.runWorker(ThreadPoolExecutor.java:1149)
at java.util.concurrent.ThreadPoolExecutor$Worker.run(ThreadPoolExecutor.java:624)
at java.lang.Thread.run(Thread.java:748)
... Removed 16 stack frames]]>
    </failure>
  </testcase> <!-- heroImgSortingDateFunctionality -->
  <testcase name="heroImgSortingRatingFunctionality" time="13.381" classname="com.konakart.KonakartParallelTesting.testscripts.HeroImageFunctionality"/>
  <testcase name="searchBoxWithoutSearchOption" time="5.28" classname="com.konakart.KonakartParallelTesting.testscripts.ComuterPeripheralsFunctionality">
    <failure type="java.lang.NullPointerException">
      <![CDATA[java.lang.NullPointerException
at com.konakart.KonakartParallelTesting.extentreports.ExtentReport.messagePrint(ExtentReport.java:110)
at com.konakart.KonakartParallelTesting.pages.ComputerperipheralFunction.erroMsgValidation(ComputerperipheralFunction.java:40)
at com.konakart.KonakartParallelTesting.testscripts.ComuterPeripheralsFunctionality.searchBoxWithoutSearchOption(ComuterPeripheralsFunctionality.java:33)
at java.util.concurrent.FutureTask.run(FutureTask.java:266)
at java.util.concurrent.ThreadPoolExecutor.runWorker(ThreadPoolExecutor.java:1149)
at java.util.concurrent.ThreadPoolExecutor$Worker.run(ThreadPoolExecutor.java:624)
at java.lang.Thread.run(Thread.java:748)
... Removed 16 stack frames]]>
    </failure>
  </testcase> <!-- searchBoxWithoutSearchOption -->
  <testcase name="searchBoxWithSearchOption" time="10.778" classname="com.konakart.KonakartParallelTesting.testscripts.ComuterPeripheralsFunctionality"/>
  <testcase name="productDetailsVerify" time="0.429" classname="com.konakart.KonakartParallelTesting.testscripts.ComuterPeripheralsFunctionality">
    <failure type="java.lang.NullPointerException">
      <![CDATA[java.lang.NullPointerException
at com.konakart.KonakartParallelTesting.extentreports.ExtentReport.messagePrint(ExtentReport.java:110)
at com.konakart.KonakartParallelTesting.pages.ComputerperipheralFunction.productValidation(ComputerperipheralFunction.java:59)
at com.konakart.KonakartParallelTesting.testscripts.ComuterPeripheralsFunctionality.productDetailsVerify(ComuterPeripheralsFunctionality.java:56)
at java.util.concurrent.FutureTask.run(FutureTask.java:266)
at java.util.concurrent.ThreadPoolExecutor.runWorker(ThreadPoolExecutor.java:1149)
at java.util.concurrent.ThreadPoolExecutor$Worker.run(ThreadPoolExecutor.java:624)
at java.lang.Thread.run(Thread.java:748)
... Removed 16 stack frames]]>
    </failure>
  </testcase> <!-- productDetailsVerify -->
  <testcase name="priceSlideBar" time="37.144" classname="com.konakart.KonakartParallelTesting.testscripts.PriceSlideBarFunctionality">
    <failure type="java.lang.NullPointerException">
      <![CDATA[java.lang.NullPointerException
at com.konakart.KonakartParallelTesting.extentreports.ExtentReport.messagePrint(ExtentReport.java:110)
at com.konakart.KonakartParallelTesting.pages.PriceSlideBar.priceValidation(PriceSlideBar.java:68)
at com.konakart.KonakartParallelTesting.testscripts.PriceSlideBarFunctionality.priceSlideBar(PriceSlideBarFunctionality.java:24)
at java.util.concurrent.FutureTask.run(FutureTask.java:266)
at java.util.concurrent.ThreadPoolExecutor.runWorker(ThreadPoolExecutor.java:1149)
at java.util.concurrent.ThreadPoolExecutor$Worker.run(ThreadPoolExecutor.java:624)
at java.lang.Thread.run(Thread.java:748)
... Removed 16 stack frames]]>
    </failure>
  </testcase> <!-- priceSlideBar -->
  <testcase name="priceSlideBar" time="6.981" classname="com.konakart.KonakartParallelTesting.testscripts.PriceSlideBarFunctionality">
    <failure type="java.lang.NullPointerException">
      <![CDATA[java.lang.NullPointerException
at com.konakart.KonakartParallelTesting.extentreports.ExtentReport.messagePrint(ExtentReport.java:110)
at com.konakart.KonakartParallelTesting.pages.PriceSlideBar.priceValidation(PriceSlideBar.java:68)
at com.konakart.KonakartParallelTesting.testscripts.PriceSlideBarFunctionality.priceSlideBar(PriceSlideBarFunctionality.java:24)
at java.util.concurrent.FutureTask.run(FutureTask.java:266)
at java.util.concurrent.ThreadPoolExecutor.runWorker(ThreadPoolExecutor.java:1149)
at java.util.concurrent.ThreadPoolExecutor$Worker.run(ThreadPoolExecutor.java:624)
at java.lang.Thread.run(Thread.java:748)
... Removed 16 stack frames]]>
    </failure>
  </testcase> <!-- priceSlideBar -->
  <testcase name="priceSlideBar" time="7.387" classname="com.konakart.KonakartParallelTesting.testscripts.PriceSlideBarFunctionality">
    <failure type="java.lang.NullPointerException">
      <![CDATA[java.lang.NullPointerException
at com.konakart.KonakartParallelTesting.extentreports.ExtentReport.messagePrint(ExtentReport.java:110)
at com.konakart.KonakartParallelTesting.pages.PriceSlideBar.priceValidation(PriceSlideBar.java:68)
at com.konakart.KonakartParallelTesting.testscripts.PriceSlideBarFunctionality.priceSlideBar(PriceSlideBarFunctionality.java:24)
at java.util.concurrent.FutureTask.run(FutureTask.java:266)
at java.util.concurrent.ThreadPoolExecutor.runWorker(ThreadPoolExecutor.java:1149)
at java.util.concurrent.ThreadPoolExecutor$Worker.run(ThreadPoolExecutor.java:624)
at java.lang.Thread.run(Thread.java:748)
... Removed 16 stack frames]]>
    </failure>
  </testcase> <!-- priceSlideBar -->
  <testcase name="priceSlideBar" time="6.952" classname="com.konakart.KonakartParallelTesting.testscripts.PriceSlideBarFunctionality">
    <failure type="java.lang.NullPointerException">
      <![CDATA[java.lang.NullPointerException
at com.konakart.KonakartParallelTesting.extentreports.ExtentReport.messagePrint(ExtentReport.java:110)
at com.konakart.KonakartParallelTesting.pages.PriceSlideBar.priceValidation(PriceSlideBar.java:68)
at com.konakart.KonakartParallelTesting.testscripts.PriceSlideBarFunctionality.priceSlideBar(PriceSlideBarFunctionality.java:24)
at java.util.concurrent.FutureTask.run(FutureTask.java:266)
at java.util.concurrent.ThreadPoolExecutor.runWorker(ThreadPoolExecutor.java:1149)
at java.util.concurrent.ThreadPoolExecutor$Worker.run(ThreadPoolExecutor.java:624)
at java.lang.Thread.run(Thread.java:748)
... Removed 16 stack frames]]>
    </failure>
  </testcase> <!-- priceSlideBar -->
</testsuite> <!-- Test validate in chrome -->
