<?xml version="1.0" encoding="UTF-8"?>
<!-- Generated by org.testng.reporters.JUnitXMLReporter -->
<testsuite hostname="ATMECSINLT-087" ignored="0" name="Test validate in firefox" tests="13" failures="7" timestamp="22 Oct 2019 15:43:57 GMT" time="184.474" errors="0">
  <testcase name="searchBox" time="13.306" classname="com.konakart.KonakartParallelTesting.testscripts.HomePageSearchBoxFunctionality"/>
  <testcase name="heroImageSelect" time="7.1" classname="com.konakart.KonakartParallelTesting.testscripts.HeroImageFunctionality"/>
  <testcase name="heroImgContent" time="0.4" classname="com.konakart.KonakartParallelTesting.testscripts.HeroImageFunctionality">
    <failure type="java.lang.NullPointerException">
      <![CDATA[java.lang.NullPointerException
at com.konakart.KonakartParallelTesting.extentreports.ExtentReport.messagePrint(ExtentReport.java:110)
at com.konakart.KonakartParallelTesting.pages.HeroImageFunction.pageDescriptionvalidation(HeroImageFunction.java:82)
at com.konakart.KonakartParallelTesting.pages.HeroImageFunction.heroImgContentValidation(HeroImageFunction.java:46)
at com.konakart.KonakartParallelTesting.testscripts.HeroImageFunctionality.heroImgContent(HeroImageFunctionality.java:34)
at java.util.concurrent.FutureTask.run(FutureTask.java:266)
at java.util.concurrent.ThreadPoolExecutor.runWorker(ThreadPoolExecutor.java:1149)
at java.util.concurrent.ThreadPoolExecutor$Worker.run(ThreadPoolExecutor.java:624)
at java.lang.Thread.run(Thread.java:748)
... Removed 16 stack frames]]>
    </failure>
  </testcase> <!-- heroImgContent -->
  <testcase name="heroImgContent" time="0.052" classname="com.konakart.KonakartParallelTesting.testscripts.HeroImageFunctionality"/>
  <testcase name="heroImgSortingDateFunctionality" time="6.14" classname="com.konakart.KonakartParallelTesting.testscripts.HeroImageFunctionality">
    <failure type="java.lang.ArrayIndexOutOfBoundsException" message="1">
      <![CDATA[java.lang.ArrayIndexOutOfBoundsException: 1
at com.konakart.KonakartParallelTesting.pages.HeroImageFunction.sortingDateValidation(HeroImageFunction.java:107)
at com.konakart.KonakartParallelTesting.testscripts.HeroImageFunctionality.heroImgSortingDateFunctionality(HeroImageFunctionality.java:43)
at java.util.concurrent.FutureTask.run(FutureTask.java:266)
at java.util.concurrent.ThreadPoolExecutor.runWorker(ThreadPoolExecutor.java:1149)
at java.util.concurrent.ThreadPoolExecutor$Worker.run(ThreadPoolExecutor.java:624)
at java.lang.Thread.run(Thread.java:748)
... Removed 16 stack frames]]>
    </failure>
  </testcase> <!-- heroImgSortingDateFunctionality -->
  <testcase name="heroImgSortingRatingFunctionality" time="12.635" classname="com.konakart.KonakartParallelTesting.testscripts.HeroImageFunctionality"/>
  <testcase name="searchBoxWithoutSearchOption" time="3.214" classname="com.konakart.KonakartParallelTesting.testscripts.ComuterPeripheralsFunctionality">
    <failure type="java.lang.NullPointerException">
      <![CDATA[java.lang.NullPointerException
at com.konakart.KonakartParallelTesting.extentreports.ExtentReport.messagePrint(ExtentReport.java:110)
at com.konakart.KonakartParallelTesting.pages.ComputerperipheralFunction.erroMsgValidation(ComputerperipheralFunction.java:40)
at com.konakart.KonakartParallelTesting.testscripts.ComuterPeripheralsFunctionality.searchBoxWithoutSearchOption(ComuterPeripheralsFunctionality.java:33)
at java.util.concurrent.FutureTask.run(FutureTask.java:266)
at java.util.concurrent.ThreadPoolExecutor.runWorker(ThreadPoolExecutor.java:1149)
at java.util.concurrent.ThreadPoolExecutor$Worker.run(ThreadPoolExecutor.java:624)
at java.lang.Thread.run(Thread.java:748)
... Removed 16 stack frames]]>
    </failure>
  </testcase> <!-- searchBoxWithoutSearchOption -->
  <testcase name="searchBoxWithSearchOption" time="11.14" classname="com.konakart.KonakartParallelTesting.testscripts.ComuterPeripheralsFunctionality"/>
  <testcase name="productDetailsVerify" time="0.251" classname="com.konakart.KonakartParallelTesting.testscripts.ComuterPeripheralsFunctionality"/>
  <testcase name="priceSlideBar" time="3.499" classname="com.konakart.KonakartParallelTesting.testscripts.PriceSlideBarFunctionality">
    <failure type="java.lang.NullPointerException">
      <![CDATA[java.lang.NullPointerException
at com.konakart.KonakartParallelTesting.pages.PriceSlideBar.priceValidation(PriceSlideBar.java:59)
at com.konakart.KonakartParallelTesting.testscripts.PriceSlideBarFunctionality.priceSlideBar(PriceSlideBarFunctionality.java:24)
at java.util.concurrent.FutureTask.run(FutureTask.java:266)
at java.util.concurrent.ThreadPoolExecutor.runWorker(ThreadPoolExecutor.java:1149)
at java.util.concurrent.ThreadPoolExecutor$Worker.run(ThreadPoolExecutor.java:624)
at java.lang.Thread.run(Thread.java:748)
... Removed 16 stack frames]]>
    </failure>
  </testcase> <!-- priceSlideBar -->
  <testcase name="priceSlideBar" time="3.29" classname="com.konakart.KonakartParallelTesting.testscripts.PriceSlideBarFunctionality">
    <failure type="java.lang.NullPointerException">
      <![CDATA[java.lang.NullPointerException
at com.konakart.KonakartParallelTesting.pages.PriceSlideBar.priceValidation(PriceSlideBar.java:59)
at com.konakart.KonakartParallelTesting.testscripts.PriceSlideBarFunctionality.priceSlideBar(PriceSlideBarFunctionality.java:24)
at java.util.concurrent.FutureTask.run(FutureTask.java:266)
at java.util.concurrent.ThreadPoolExecutor.runWorker(ThreadPoolExecutor.java:1149)
at java.util.concurrent.ThreadPoolExecutor$Worker.run(ThreadPoolExecutor.java:624)
at java.lang.Thread.run(Thread.java:748)
... Removed 16 stack frames]]>
    </failure>
  </testcase> <!-- priceSlideBar -->
  <testcase name="priceSlideBar" time="3.265" classname="com.konakart.KonakartParallelTesting.testscripts.PriceSlideBarFunctionality">
    <failure type="java.lang.NullPointerException">
      <![CDATA[java.lang.NullPointerException
at com.konakart.KonakartParallelTesting.pages.PriceSlideBar.priceValidation(PriceSlideBar.java:59)
at com.konakart.KonakartParallelTesting.testscripts.PriceSlideBarFunctionality.priceSlideBar(PriceSlideBarFunctionality.java:24)
at java.util.concurrent.FutureTask.run(FutureTask.java:266)
at java.util.concurrent.ThreadPoolExecutor.runWorker(ThreadPoolExecutor.java:1149)
at java.util.concurrent.ThreadPoolExecutor$Worker.run(ThreadPoolExecutor.java:624)
at java.lang.Thread.run(Thread.java:748)
... Removed 16 stack frames]]>
    </failure>
  </testcase> <!-- priceSlideBar -->
  <testcase name="priceSlideBar" time="3.36" classname="com.konakart.KonakartParallelTesting.testscripts.PriceSlideBarFunctionality">
    <failure type="java.lang.NullPointerException">
      <![CDATA[java.lang.NullPointerException
at com.konakart.KonakartParallelTesting.pages.PriceSlideBar.priceValidation(PriceSlideBar.java:59)
at com.konakart.KonakartParallelTesting.testscripts.PriceSlideBarFunctionality.priceSlideBar(PriceSlideBarFunctionality.java:24)
at java.util.concurrent.FutureTask.run(FutureTask.java:266)
at java.util.concurrent.ThreadPoolExecutor.runWorker(ThreadPoolExecutor.java:1149)
at java.util.concurrent.ThreadPoolExecutor$Worker.run(ThreadPoolExecutor.java:624)
at java.lang.Thread.run(Thread.java:748)
... Removed 16 stack frames]]>
    </failure>
  </testcase> <!-- priceSlideBar -->
</testsuite> <!-- Test validate in firefox -->
