<?xml version="1.0" encoding="UTF-8"?>
<!-- Generated by org.testng.reporters.JUnitXMLReporter -->
<testsuite hostname="ATMECSINLT-087" ignored="0" name="Test validate in internet explorer" tests="4" failures="0" timestamp="23 Oct 2019 13:34:04 GMT" time="0.073" errors="0">
  <testcase name="@BeforeTest intitailizeBrowser" time="0.002" classname="com.konakart.KonakartParallelTesting.testbase.TestBase">
    <failure type="java.lang.NullPointerException">
      <![CDATA[java.lang.NullPointerException
at com.konakart.KonakartParallelTesting.testbase.TestBase.intitailizeBrowser(TestBase.java:56)
at java.util.concurrent.FutureTask.run(FutureTask.java:266)
at java.util.concurrent.ThreadPoolExecutor.runWorker(ThreadPoolExecutor.java:1149)
at java.util.concurrent.ThreadPoolExecutor$Worker.run(ThreadPoolExecutor.java:624)
at java.lang.Thread.run(Thread.java:748)
... Removed 15 stack frames]]>
    </failure>
  </testcase> <!-- @BeforeTest intitailizeBrowser -->
  <testcase name="@AfterTest endTest" time="0.0" classname="com.konakart.KonakartParallelTesting.testbase.TestBase">
    <skipped/>
  </testcase> <!-- @AfterTest endTest -->
  <testcase name="priceSlideBar" time="0.0" classname="com.konakart.KonakartParallelTesting.testscripts.PriceSlideBarFunctionality">
    <skipped/>
  </testcase> <!-- priceSlideBar -->
  <testcase name="priceSlideBar" time="0.0" classname="com.konakart.KonakartParallelTesting.testscripts.PriceSlideBarFunctionality">
    <skipped/>
  </testcase> <!-- priceSlideBar -->
  <testcase name="priceSlideBar" time="0.0" classname="com.konakart.KonakartParallelTesting.testscripts.PriceSlideBarFunctionality">
    <skipped/>
  </testcase> <!-- priceSlideBar -->
  <testcase name="priceSlideBar" time="0.0" classname="com.konakart.KonakartParallelTesting.testscripts.PriceSlideBarFunctionality">
    <skipped/>
  </testcase> <!-- priceSlideBar -->
</testsuite> <!-- Test validate in internet explorer -->
