<?xml version="1.0" encoding="UTF-8"?>
<!-- Generated by org.testng.reporters.JUnitXMLReporter -->
<testsuite hostname="ATMECSINLT-087" ignored="0" name="Test validate in internet explorer" tests="3" failures="0" timestamp="01 Nov 2019 05:42:15 GMT" time="24.117" errors="0">
  <testcase name="searchBoxWithoutSearchOption" time="6.009" classname="com.konakart.KonakartParallelTesting.testscripts.ComuterPeripheralsFunctionality"/>
  <testcase name="searchBoxWithSearchOption" time="7.695" classname="com.konakart.KonakartParallelTesting.testscripts.ComuterPeripheralsFunctionality"/>
  <testcase name="productDetailsVerify" time="1.191" classname="com.konakart.KonakartParallelTesting.testscripts.ComuterPeripheralsFunctionality"/>
</testsuite> <!-- Test validate in internet explorer -->
