<?xml version="1.0" encoding="UTF-8"?>
<!-- Generated by org.testng.reporters.JUnitXMLReporter -->
<testsuite hostname="ATMECSINLT-087" ignored="0" name="Test validate in firefox" tests="4" failures="0" timestamp="24 Oct 2019 09:54:02 GMT" time="47.973" errors="0">
  <testcase name="priceSlideBar" time="8.445" classname="com.konakart.KonakartParallelTesting.testscripts.PriceSlideBarFunctionality"/>
  <testcase name="priceSlideBar" time="7.234" classname="com.konakart.KonakartParallelTesting.testscripts.PriceSlideBarFunctionality"/>
  <testcase name="priceSlideBar" time="7.024" classname="com.konakart.KonakartParallelTesting.testscripts.PriceSlideBarFunctionality"/>
  <testcase name="priceSlideBar" time="6.021" classname="com.konakart.KonakartParallelTesting.testscripts.PriceSlideBarFunctionality"/>
</testsuite> <!-- Test validate in firefox -->
