<?xml version="1.0" encoding="UTF-8"?>
<!-- Generated by org.testng.reporters.JUnitXMLReporter -->
<testsuite hostname="ATMECSINLT-087" ignored="0" name="Test validate in chrome" tests="4" failures="0" timestamp="23 Oct 2019 13:51:40 GMT" time="49.819" errors="0">
  <testcase name="priceSlideBar" time="9.542" classname="com.konakart.KonakartParallelTesting.testscripts.PriceSlideBarFunctionality"/>
  <testcase name="priceSlideBar" time="7.934" classname="com.konakart.KonakartParallelTesting.testscripts.PriceSlideBarFunctionality"/>
  <testcase name="priceSlideBar" time="6.539" classname="com.konakart.KonakartParallelTesting.testscripts.PriceSlideBarFunctionality"/>
  <testcase name="priceSlideBar" time="6.744" classname="com.konakart.KonakartParallelTesting.testscripts.PriceSlideBarFunctionality"/>
</testsuite> <!-- Test validate in chrome -->
