<?xml version="1.0" encoding="UTF-8"?>
<!-- Generated by org.testng.reporters.JUnitXMLReporter -->
<testsuite hostname="ATMECSINLT-087" ignored="0" name="Test validate in chrome" tests="3" failures="0" timestamp="02 Nov 2019 07:17:21 GMT" time="28.215" errors="0">
  <testcase name="searchBoxWithoutSearchOption" time="2.839" classname="com.konakart.KonakartParallelTesting.testscripts.ComuterPeripheralsFunctionality"/>
  <testcase name="searchBoxWithSearchOption" time="3.984" classname="com.konakart.KonakartParallelTesting.testscripts.ComuterPeripheralsFunctionality"/>
  <testcase name="productDetailsVerify" time="0.362" classname="com.konakart.KonakartParallelTesting.testscripts.ComuterPeripheralsFunctionality"/>
</testsuite> <!-- Test validate in chrome -->
