<?xml version="1.0" encoding="UTF-8"?>
<!-- Generated by org.testng.reporters.JUnitXMLReporter -->
<testsuite hostname="ATMECSINLT-087" ignored="0" name="Test validate in firefox" tests="4" failures="0" timestamp="23 Oct 2019 13:51:38 GMT" time="48.038" errors="0">
  <testcase name="priceSlideBar" time="8.554" classname="com.konakart.KonakartParallelTesting.testscripts.PriceSlideBarFunctionality"/>
  <testcase name="priceSlideBar" time="6.549" classname="com.konakart.KonakartParallelTesting.testscripts.PriceSlideBarFunctionality"/>
  <testcase name="priceSlideBar" time="6.586" classname="com.konakart.KonakartParallelTesting.testscripts.PriceSlideBarFunctionality"/>
  <testcase name="priceSlideBar" time="6.054" classname="com.konakart.KonakartParallelTesting.testscripts.PriceSlideBarFunctionality"/>
</testsuite> <!-- Test validate in firefox -->
