<?xml version="1.0" encoding="UTF-8"?>
<!-- Generated by org.testng.reporters.JUnitXMLReporter -->
<testsuite hostname="ATMECSINLT-087" ignored="0" name="Test" tests="5" failures="0" timestamp="25 Oct 2019 12:58:47 GMT" time="56.567" errors="0">
  <testcase name="runTestFile" time="0.021" classname="com.konakart.KonakartParallelTesting.testscripts.DynamicXML"/>
  <testcase name="runTestFile" time="0.005" classname="com.konakart.KonakartParallelTesting.testscripts.DynamicXML"/>
  <testcase name="runTestFile" time="0.004" classname="com.konakart.KonakartParallelTesting.testscripts.DynamicXML"/>
  <testcase name="runTestFile" time="0.005" classname="com.konakart.KonakartParallelTesting.testscripts.DynamicXML"/>
  <testcase name="runTestFile" time="55.15" classname="com.konakart.KonakartParallelTesting.testscripts.DynamicXML"/>
</testsuite> <!-- Test -->
