<?xml version="1.0" encoding="UTF-8"?>
<testng-results skipped="0" failed="0" ignored="0" total="1" passed="1">
  <reporter-output>
  </reporter-output>
  <suite name="Suite" duration-ms="355532" started-at="2019-10-22T15:40:52Z" finished-at="2019-10-22T15:46:48Z">
    <groups>
    </groups>
    <test name="Test" duration-ms="355532" started-at="2019-10-22T15:40:52Z" finished-at="2019-10-22T15:46:48Z">
      <class name="com.konakart.KonakartParallelTesting.testscripts.TestNGRunner">
        <test-method status="PASS" signature="runTestFile()[pri:0, instance:com.konakart.KonakartParallelTesting.testscripts.TestNGRunner@2ef9b8bc]" name="runTestFile" duration-ms="355470" started-at="2019-10-22T15:40:53Z" finished-at="2019-10-22T15:46:48Z">
          <reporter-output>
          </reporter-output>
        </test-method> <!-- runTestFile -->
      </class> <!-- com.konakart.KonakartParallelTesting.testscripts.TestNGRunner -->
    </test> <!-- Test -->
  </suite> <!-- Suite -->
</testng-results>
